# JRE version: OpenJDK Runtime Environment Zulu15.42+15-CA (15.0.8+4) (build 15.0.8+4-MTS)
# Java VM: OpenJDK 64-Bit Server VM Zulu15.42+15-CA (15.0.8+4-MTS, mixed mode, tiered, compressed oops, g1 gc, bsd-aarch64)
GC Precious Log:
 CPUs: 10 total, 10 available
 Memory: 32768M
 Large Page Support: Disabled
 NUMA Support: Disabled
 Compressed Oops: Enabled (Zero based)
 Heap Region Size: 4M
 Heap Min Capacity: 8M
 Heap Initial Capacity: 512M
 Heap Max Capacity: 8G
 Pre-touch: Disabled
 Parallel Workers: 9
 Concurrent Workers: 2
 Concurrent Refinement Workers: 9
 Periodic GC: Disabled
Heap:
 garbage-first heap   total 253952K, used 84531K [0x00000005c0000000, 0x00000007c0000000)
  region size 4096K, 11 young (45056K), 2 survivors (8192K)
 Metaspace       used 105729K, capacity 107437K, committed 107696K, reserved 1144832K
  class space    used 12862K, capacity 13402K, committed 13504K, reserved 1048576K
GC Heap History (20 events):
Event: 3113.116 GC heap before
{Heap before GC invocations=44 (full 0):
 garbage-first heap   total 253952K, used 193104K [0x00000005c0000000, 0x00000007c0000000)
  region size 4096K, 37 young (151552K), 2 survivors (8192K)
 Metaspace       used 103658K, capacity 105419K, committed 105776K, reserved 1142784K
  class space    used 12745K, capacity 13277K, committed 13376K, reserved 1048576K
}
Event: 3113.131 GC heap after
{Heap after GC invocations=45 (full 0):
 garbage-first heap   total 253952K, used 49667K [0x00000005c0000000, 0x00000007c0000000)
  region size 4096K, 2 young (8192K), 2 survivors (8192K)
 Metaspace       used 103658K, capacity 105419K, committed 105776K, reserved 1142784K
  class space    used 12745K, capacity 13277K, committed 13376K, reserved 1048576K
}
Event: 3576.038 GC heap before
{Heap before GC invocations=45 (full 0):
 garbage-first heap   total 253952K, used 188931K [0x00000005c0000000, 0x00000007c0000000)
  region size 4096K, 37 young (151552K), 2 survivors (8192K)
 Metaspace       used 103658K, capacity 105419K, committed 105776K, reserved 1142784K
  class space    used 12745K, capacity 13277K, committed 13376K, reserved 1048576K
}
Event: 3576.051 GC heap after
{Heap after GC invocations=46 (full 0):
 garbage-first heap   total 253952K, used 49776K [0x00000005c0000000, 0x00000007c0000000)
  region size 4096K, 2 young (8192K), 2 survivors (8192K)
 Metaspace       used 103658K, capacity 105419K, committed 105776K, reserved 1142784K
  class space    used 12745K, capacity 13277K, committed 13376K, reserved 1048576K
}
Event: 4387.335 GC heap before
{Heap before GC invocations=46 (full 0):
 garbage-first heap   total 253952K, used 189040K [0x00000005c0000000, 0x00000007c0000000)
  region size 4096K, 37 young (151552K), 2 survivors (8192K)
 Metaspace       used 103743K, capacity 105515K, committed 105776K, reserved 1142784K
  class space    used 12753K, capacity 13309K, committed 13376K, reserved 1048576K
}
Event: 4387.349 GC heap after
{Heap after GC invocations=47 (full 0):
 garbage-first heap   total 253952K, used 49840K [0x00000005c0000000, 0x00000007c0000000)
  region size 4096K, 2 young (8192K), 2 survivors (8192K)
 Metaspace       used 103743K, capacity 105515K, committed 105776K, reserved 1142784K
  class space    used 12753K, capacity 13309K, committed 13376K, reserved 1048576K
}
Event: 4847.956 GC heap before
{Heap before GC invocations=47 (full 0):
 garbage-first heap   total 253952K, used 189104K [0x00000005c0000000, 0x00000007c0000000)
  region size 4096K, 37 young (151552K), 2 survivors (8192K)
 Metaspace       used 103780K, capacity 105542K, committed 105776K, reserved 1142784K
  class space    used 12756K, capacity 13314K, committed 13376K, reserved 1048576K
}
Event: 4847.970 GC heap after
{Heap after GC invocations=48 (full 0):
 garbage-first heap   total 253952K, used 50571K [0x00000005c0000000, 0x00000007c0000000)
  region size 4096K, 2 young (8192K), 2 survivors (8192K)
 Metaspace       used 103780K, capacity 105542K, committed 105776K, reserved 1142784K
  class space    used 12756K, capacity 13314K, committed 13376K, reserved 1048576K
}
Event: 5766.379 GC heap before
{Heap before GC invocations=48 (full 0):
 garbage-first heap   total 253952K, used 189835K [0x00000005c0000000, 0x00000007c0000000)
  region size 4096K, 37 young (151552K), 2 survivors (8192K)
 Metaspace       used 103780K, capacity 105542K, committed 105776K, reserved 1142784K
  class space    used 12756K, capacity 13314K, committed 13376K, reserved 1048576K
}
Event: 5766.384 GC heap after
{Heap after GC invocations=49 (full 0):
 garbage-first heap   total 253952K, used 50259K [0x00000005c0000000, 0x00000007c0000000)
  region size 4096K, 2 young (8192K), 2 survivors (8192K)
 Metaspace       used 103780K, capacity 105542K, committed 105776K, reserved 1142784K
  class space    used 12756K, capacity 13314K, committed 13376K, reserved 1048576K
}
Event: 6725.696 GC heap before
{Heap before GC invocations=49 (full 0):
 garbage-first heap   total 253952K, used 193619K [0x00000005c0000000, 0x00000007c0000000)
  region size 4096K, 37 young (151552K), 2 survivors (8192K)
 Metaspace       used 105420K, capacity 107168K, committed 107440K, reserved 1142784K
  class space    used 12847K, capacity 13400K, committed 13504K, reserved 1048576K
}
Event: 6725.700 GC heap after
{Heap after GC invocations=50 (full 0):
 garbage-first heap   total 253952K, used 51351K [0x00000005c0000000, 0x00000007c0000000)
  region size 4096K, 2 young (8192K), 2 survivors (8192K)
 Metaspace       used 105420K, capacity 107168K, committed 107440K, reserved 1142784K
  class space    used 12847K, capacity 13400K, committed 13504K, reserved 1048576K
}
Event: 7863.839 GC heap before
{Heap before GC invocations=50 (full 0):
 garbage-first heap   total 253952K, used 190615K [0x00000005c0000000, 0x00000007c0000000)
  region size 4096K, 37 young (151552K), 2 survivors (8192K)
 Metaspace       used 105533K, capacity 107297K, committed 107440K, reserved 1142784K
  class space    used 12848K, capacity 13400K, committed 13504K, reserved 1048576K
}
Event: 7863.846 GC heap after
{Heap after GC invocations=51 (full 0):
 garbage-first heap   total 253952K, used 51400K [0x00000005c0000000, 0x00000007c0000000)
  region size 4096K, 2 young (8192K), 2 survivors (8192K)
 Metaspace       used 105533K, capacity 107297K, committed 107440K, reserved 1142784K
  class space    used 12848K, capacity 13400K, committed 13504K, reserved 1048576K
}
Event: 9002.972 GC heap before
{Heap before GC invocations=51 (full 0):
 garbage-first heap   total 253952K, used 190664K [0x00000005c0000000, 0x00000007c0000000)
  region size 4096K, 37 young (151552K), 2 survivors (8192K)
 Metaspace       used 105605K, capacity 107361K, committed 107696K, reserved 1144832K
  class space    used 12848K, capacity 13400K, committed 13504K, reserved 1048576K
}
Event: 9002.986 GC heap after
{Heap after GC invocations=52 (full 0):
 garbage-first heap   total 253952K, used 51513K [0x00000005c0000000, 0x00000007c0000000)
  region size 4096K, 2 young (8192K), 2 survivors (8192K)
 Metaspace       used 105605K, capacity 107361K, committed 107696K, reserved 1144832K
  class space    used 12848K, capacity 13400K, committed 13504K, reserved 1048576K
}
Event: 10185.104 GC heap before
{Heap before GC invocations=52 (full 0):
 garbage-first heap   total 253952K, used 190777K [0x00000005c0000000, 0x00000007c0000000)
  region size 4096K, 37 young (151552K), 2 survivors (8192K)
 Metaspace       used 105608K, capacity 107361K, committed 107696K, reserved 1144832K
  class space    used 12848K, capacity 13400K, committed 13504K, reserved 1048576K
}
Event: 10185.119 GC heap after
{Heap after GC invocations=53 (full 0):
 garbage-first heap   total 253952K, used 51601K [0x00000005c0000000, 0x00000007c0000000)
  region size 4096K, 2 young (8192K), 2 survivors (8192K)
 Metaspace       used 105608K, capacity 107361K, committed 107696K, reserved 1144832K
  class space    used 12848K, capacity 13400K, committed 13504K, reserved 1048576K
}
Event: 10602.578 GC heap before
{Heap before GC invocations=53 (full 0):
 garbage-first heap   total 253952K, used 190865K [0x00000005c0000000, 0x00000007c0000000)
  region size 4096K, 37 young (151552K), 2 survivors (8192K)
 Metaspace       used 105619K, capacity 107373K, committed 107696K, reserved 1144832K
  class space    used 12849K, capacity 13402K, committed 13504K, reserved 1048576K
}
Event: 10602.612 GC heap after
{Heap after GC invocations=54 (full 0):
 garbage-first heap   total 253952K, used 51763K [0x00000005c0000000, 0x00000007c0000000)
  region size 4096K, 2 young (8192K), 2 survivors (8192K)
 Metaspace       used 105619K, capacity 107373K, committed 107696K, reserved 1144832K
  class space    used 12849K, capacity 13402K, committed 13504K, reserved 1048576K
}

