# JRE version: OpenJDK Runtime Environment Zulu15.42+15-CA (15.0.8+4) (build 15.0.8+4-MTS)
# Java VM: OpenJDK 64-Bit Server VM Zulu15.42+15-CA (15.0.8+4-MTS, mixed mode, tiered, compressed oops, g1 gc, bsd-aarch64)
GC Precious Log:
 CPUs: 10 total, 10 available
 Memory: 32768M
 Large Page Support: Disabled
 NUMA Support: Disabled
 Compressed Oops: Enabled (Zero based)
 Heap Region Size: 4M
 Heap Min Capacity: 8M
 Heap Initial Capacity: 512M
 Heap Max Capacity: 8G
 Pre-touch: Disabled
 Parallel Workers: 9
 Concurrent Workers: 2
 Concurrent Refinement Workers: 9
 Periodic GC: Disabled
Heap:
 garbage-first heap   total 286720K, used 167312K [0x00000005c0000000, 0x00000007c0000000)
  region size 4096K, 30 young (122880K), 1 survivors (4096K)
 Metaspace       used 104865K, capacity 106552K, committed 106880K, reserved 1142784K
  class space    used 12704K, capacity 13230K, committed 13312K, reserved 1048576K
GC Heap History (20 events):
Event: 175.660 GC heap before
{Heap before GC invocations=160 (full 0):
 garbage-first heap   total 286720K, used 220528K [0x00000005c0000000, 0x00000007c0000000)
  region size 4096K, 42 young (172032K), 1 survivors (4096K)
 Metaspace       used 104701K, capacity 106418K, committed 106880K, reserved 1142784K
  class space    used 12690K, capacity 13229K, committed 13312K, reserved 1048576K
}
Event: 175.663 GC heap after
{Heap after GC invocations=161 (full 0):
 garbage-first heap   total 286720K, used 52589K [0x00000005c0000000, 0x00000007c0000000)
  region size 4096K, 1 young (4096K), 1 survivors (4096K)
 Metaspace       used 104701K, capacity 106418K, committed 106880K, reserved 1142784K
  class space    used 12690K, capacity 13229K, committed 13312K, reserved 1048576K
}
Event: 176.594 GC heap before
{Heap before GC invocations=161 (full 0):
 garbage-first heap   total 286720K, used 220525K [0x00000005c0000000, 0x00000007c0000000)
  region size 4096K, 42 young (172032K), 1 survivors (4096K)
 Metaspace       used 104701K, capacity 106418K, committed 106880K, reserved 1142784K
  class space    used 12690K, capacity 13229K, committed 13312K, reserved 1048576K
}
Event: 176.597 GC heap after
{Heap after GC invocations=162 (full 0):
 garbage-first heap   total 286720K, used 52555K [0x00000005c0000000, 0x00000007c0000000)
  region size 4096K, 1 young (4096K), 1 survivors (4096K)
 Metaspace       used 104701K, capacity 106418K, committed 106880K, reserved 1142784K
  class space    used 12690K, capacity 13229K, committed 13312K, reserved 1048576K
}
Event: 177.483 GC heap before
{Heap before GC invocations=162 (full 0):
 garbage-first heap   total 286720K, used 220491K [0x00000005c0000000, 0x00000007c0000000)
  region size 4096K, 42 young (172032K), 1 survivors (4096K)
 Metaspace       used 104701K, capacity 106418K, committed 106880K, reserved 1142784K
  class space    used 12690K, capacity 13229K, committed 13312K, reserved 1048576K
}
Event: 177.486 GC heap after
{Heap after GC invocations=163 (full 0):
 garbage-first heap   total 286720K, used 52538K [0x00000005c0000000, 0x00000007c0000000)
  region size 4096K, 1 young (4096K), 1 survivors (4096K)
 Metaspace       used 104701K, capacity 106418K, committed 106880K, reserved 1142784K
  class space    used 12690K, capacity 13229K, committed 13312K, reserved 1048576K
}
Event: 178.397 GC heap before
{Heap before GC invocations=163 (full 0):
 garbage-first heap   total 286720K, used 220474K [0x00000005c0000000, 0x00000007c0000000)
  region size 4096K, 42 young (172032K), 1 survivors (4096K)
 Metaspace       used 104701K, capacity 106418K, committed 106880K, reserved 1142784K
  class space    used 12690K, capacity 13229K, committed 13312K, reserved 1048576K
}
Event: 178.400 GC heap after
{Heap after GC invocations=164 (full 0):
 garbage-first heap   total 286720K, used 52618K [0x00000005c0000000, 0x00000007c0000000)
  region size 4096K, 1 young (4096K), 1 survivors (4096K)
 Metaspace       used 104701K, capacity 106418K, committed 106880K, reserved 1142784K
  class space    used 12690K, capacity 13229K, committed 13312K, reserved 1048576K
}
Event: 179.248 GC heap before
{Heap before GC invocations=164 (full 0):
 garbage-first heap   total 286720K, used 220554K [0x00000005c0000000, 0x00000007c0000000)
  region size 4096K, 42 young (172032K), 1 survivors (4096K)
 Metaspace       used 104701K, capacity 106418K, committed 106880K, reserved 1142784K
  class space    used 12690K, capacity 13229K, committed 13312K, reserved 1048576K
}
Event: 179.251 GC heap after
{Heap after GC invocations=165 (full 0):
 garbage-first heap   total 286720K, used 52545K [0x00000005c0000000, 0x00000007c0000000)
  region size 4096K, 1 young (4096K), 1 survivors (4096K)
 Metaspace       used 104701K, capacity 106418K, committed 106880K, reserved 1142784K
  class space    used 12690K, capacity 13229K, committed 13312K, reserved 1048576K
}
Event: 180.110 GC heap before
{Heap before GC invocations=165 (full 0):
 garbage-first heap   total 286720K, used 220481K [0x00000005c0000000, 0x00000007c0000000)
  region size 4096K, 42 young (172032K), 1 survivors (4096K)
 Metaspace       used 104701K, capacity 106418K, committed 106880K, reserved 1142784K
  class space    used 12690K, capacity 13229K, committed 13312K, reserved 1048576K
}
Event: 180.114 GC heap after
{Heap after GC invocations=166 (full 0):
 garbage-first heap   total 286720K, used 52618K [0x00000005c0000000, 0x00000007c0000000)
  region size 4096K, 1 young (4096K), 1 survivors (4096K)
 Metaspace       used 104701K, capacity 106418K, committed 106880K, reserved 1142784K
  class space    used 12690K, capacity 13229K, committed 13312K, reserved 1048576K
}
Event: 181.030 GC heap before
{Heap before GC invocations=166 (full 0):
 garbage-first heap   total 286720K, used 220554K [0x00000005c0000000, 0x00000007c0000000)
  region size 4096K, 42 young (172032K), 1 survivors (4096K)
 Metaspace       used 104701K, capacity 106418K, committed 106880K, reserved 1142784K
  class space    used 12690K, capacity 13229K, committed 13312K, reserved 1048576K
}
Event: 181.033 GC heap after
{Heap after GC invocations=167 (full 0):
 garbage-first heap   total 286720K, used 52581K [0x00000005c0000000, 0x00000007c0000000)
  region size 4096K, 1 young (4096K), 1 survivors (4096K)
 Metaspace       used 104701K, capacity 106418K, committed 106880K, reserved 1142784K
  class space    used 12690K, capacity 13229K, committed 13312K, reserved 1048576K
}
Event: 181.905 GC heap before
{Heap before GC invocations=167 (full 0):
 garbage-first heap   total 286720K, used 220517K [0x00000005c0000000, 0x00000007c0000000)
  region size 4096K, 42 young (172032K), 1 survivors (4096K)
 Metaspace       used 104701K, capacity 106418K, committed 106880K, reserved 1142784K
  class space    used 12690K, capacity 13229K, committed 13312K, reserved 1048576K
}
Event: 181.908 GC heap after
{Heap after GC invocations=168 (full 0):
 garbage-first heap   total 286720K, used 52637K [0x00000005c0000000, 0x00000007c0000000)
  region size 4096K, 1 young (4096K), 1 survivors (4096K)
 Metaspace       used 104701K, capacity 106418K, committed 106880K, reserved 1142784K
  class space    used 12690K, capacity 13229K, committed 13312K, reserved 1048576K
}
Event: 182.789 GC heap before
{Heap before GC invocations=168 (full 0):
 garbage-first heap   total 286720K, used 220573K [0x00000005c0000000, 0x00000007c0000000)
  region size 4096K, 42 young (172032K), 1 survivors (4096K)
 Metaspace       used 104701K, capacity 106418K, committed 106880K, reserved 1142784K
  class space    used 12690K, capacity 13229K, committed 13312K, reserved 1048576K
}
Event: 182.792 GC heap after
{Heap after GC invocations=169 (full 0):
 garbage-first heap   total 286720K, used 52567K [0x00000005c0000000, 0x00000007c0000000)
  region size 4096K, 1 young (4096K), 1 survivors (4096K)
 Metaspace       used 104701K, capacity 106418K, committed 106880K, reserved 1142784K
  class space    used 12690K, capacity 13229K, committed 13312K, reserved 1048576K
}
Event: 183.635 GC heap before
{Heap before GC invocations=169 (full 0):
 garbage-first heap   total 286720K, used 220503K [0x00000005c0000000, 0x00000007c0000000)
  region size 4096K, 42 young (172032K), 1 survivors (4096K)
 Metaspace       used 104701K, capacity 106418K, committed 106880K, reserved 1142784K
  class space    used 12690K, capacity 13229K, committed 13312K, reserved 1048576K
}
Event: 183.638 GC heap after
{Heap after GC invocations=170 (full 0):
 garbage-first heap   total 286720K, used 52624K [0x00000005c0000000, 0x00000007c0000000)
  region size 4096K, 1 young (4096K), 1 survivors (4096K)
 Metaspace       used 104701K, capacity 106418K, committed 106880K, reserved 1142784K
  class space    used 12690K, capacity 13229K, committed 13312K, reserved 1048576K
}

